-------------------------------------------------------------------------------
Test set: com.awesome.testing.gui.headlessfirefox.test.HeadlessFirefoxDemoTest
-------------------------------------------------------------------------------
Tests run: 1, Failures: 0, Errors: 1, Skipped: 0, Time elapsed: 0.006 sec <<< FAILURE!
correctNumberOfPostsShouldBeDisplayed(com.awesome.testing.gui.headlessfirefox.test.HeadlessFirefoxDemoTest)  Time elapsed: 0.006 sec  <<< ERROR!
org.openqa.selenium.WebDriverException: Browser failed to start, test [ correctNumberOfPostsShouldBeDisplayed(com.awesome.testing.gui.headlessfirefox.test.HeadlessFirefoxDemoTest) ] execution interrupted.
Caused by: [ The driver executable does not exist: /home/icanio-10155/app/DCM/AwesomeTesting/C:\drivers\geckodriver.exe]
Build info: version: '3.141.59', revision: 'e82be7d358', time: '2018-11-14T08:17:03'
System info: host: 'santhosh', ip: '127.0.0.1', os.name: 'Linux', os.arch: 'amd64', os.version: '6.8.0-59-generic', java.version: '17.0.15'
Driver info: driver.version: unknown
	at org.fluentlenium.adapter.TestRunnerCommon.getTestDriver(TestRunnerCommon.java:52)
	at org.fluentlenium.adapter.FluentTestRunnerAdapter.starting(FluentTestRunnerAdapter.java:144)
	at org.fluentlenium.adapter.junit.FluentTest.access$000(FluentTest.java:16)
	at org.fluentlenium.adapter.junit.FluentTest$1.starting(FluentTest.java:27)
	at org.fluentlenium.adapter.junit.FluentTestRule$1.evaluate(FluentTestRule.java:44)
	at org.junit.runners.ParentRunner$3.evaluate(ParentRunner.java:306)
	at org.junit.runners.BlockJUnit4ClassRunner$1.evaluate(BlockJUnit4ClassRunner.java:100)
	at org.junit.runners.ParentRunner.runLeaf(ParentRunner.java:366)
	at org.junit.runners.BlockJUnit4ClassRunner.runChild(BlockJUnit4ClassRunner.java:103)
	at org.junit.runners.BlockJUnit4ClassRunner.runChild(BlockJUnit4ClassRunner.java:63)
	at org.junit.runners.ParentRunner$4.run(ParentRunner.java:331)
	at org.junit.runners.ParentRunner$1.schedule(ParentRunner.java:79)
	at org.junit.runners.ParentRunner.runChildren(ParentRunner.java:329)
	at org.junit.runners.ParentRunner.access$100(ParentRunner.java:66)
	at org.junit.runners.ParentRunner$2.evaluate(ParentRunner.java:293)
	at org.junit.internal.runners.statements.RunBefores.evaluate(RunBefores.java:26)
	at org.fluentlenium.adapter.junit.FluentTest$2.evaluate(FluentTest.java:53)
	at org.junit.rules.RunRules.evaluate(RunRules.java:20)
	at org.junit.runners.ParentRunner$3.evaluate(ParentRunner.java:306)
	at org.junit.runners.ParentRunner.run(ParentRunner.java:413)
	at org.apache.maven.surefire.junit4.JUnit4Provider.execute(JUnit4Provider.java:252)
	at org.apache.maven.surefire.junit4.JUnit4Provider.executeTestSet(JUnit4Provider.java:141)
	at org.apache.maven.surefire.junit4.JUnit4Provider.invoke(JUnit4Provider.java:112)
	at java.base/jdk.internal.reflect.NativeMethodAccessorImpl.invoke0(Native Method)
	at java.base/jdk.internal.reflect.NativeMethodAccessorImpl.invoke(NativeMethodAccessorImpl.java:77)
	at java.base/jdk.internal.reflect.DelegatingMethodAccessorImpl.invoke(DelegatingMethodAccessorImpl.java:43)
	at java.base/java.lang.reflect.Method.invoke(Method.java:569)
	at org.apache.maven.surefire.util.ReflectionUtils.invokeMethodWithArray(ReflectionUtils.java:189)
	at org.apache.maven.surefire.booter.ProviderFactory$ProviderProxy.invoke(ProviderFactory.java:165)
	at org.apache.maven.surefire.booter.ProviderFactory.invokeProvider(ProviderFactory.java:85)
	at org.apache.maven.surefire.booter.ForkedBooter.runSuitesInProcess(ForkedBooter.java:115)
	at org.apache.maven.surefire.booter.ForkedBooter.main(ForkedBooter.java:75)
Caused by: java.util.concurrent.ExecutionException: java.lang.IllegalStateException: The driver executable does not exist: /home/icanio-10155/app/DCM/AwesomeTesting/C:\drivers\geckodriver.exe
	at java.base/java.util.concurrent.FutureTask.report(FutureTask.java:122)
	at java.base/java.util.concurrent.FutureTask.get(FutureTask.java:191)
	at org.fluentlenium.adapter.sharedwebdriver.SharedWebdriverSingletonImpl.getSharedWebDriver(SharedWebdriverSingletonImpl.java:206)
	at org.fluentlenium.adapter.sharedwebdriver.SharedWebDriverContainer.getSharedWebDriver(SharedWebDriverContainer.java:66)
	at org.fluentlenium.adapter.TestRunnerCommon.getTestDriver(TestRunnerCommon.java:46)
	... 31 more
Caused by: java.lang.IllegalStateException: The driver executable does not exist: /home/icanio-10155/app/DCM/AwesomeTesting/C:\drivers\geckodriver.exe
	at com.google.common.base.Preconditions.checkState(Preconditions.java:585)
	at org.openqa.selenium.remote.service.DriverService.checkExecutable(DriverService.java:146)
	at org.openqa.selenium.remote.service.DriverService.findExecutable(DriverService.java:141)
	at org.openqa.selenium.firefox.GeckoDriverService.access$100(GeckoDriverService.java:44)
	at org.openqa.selenium.firefox.GeckoDriverService$Builder.findDefaultExecutable(GeckoDriverService.java:167)
	at org.openqa.selenium.remote.service.DriverService$Builder.build(DriverService.java:355)
	at org.openqa.selenium.firefox.FirefoxDriver.toExecutor(FirefoxDriver.java:190)
	at org.openqa.selenium.firefox.FirefoxDriver.<init>(FirefoxDriver.java:147)
	at org.openqa.selenium.firefox.FirefoxDriver.<init>(FirefoxDriver.java:133)
	at com.awesome.testing.gui.headlessfirefox.utils.FirefoxManipulator.newWebDriver(FirefoxManipulator.java:25)
	at org.fluentlenium.adapter.sharedwebdriver.SharedWebdriverSingletonImpl.createDriver(SharedWebdriverSingletonImpl.java:74)
	at org.fluentlenium.adapter.sharedwebdriver.SharedWebdriverSingletonImpl.createAndRegisterNewDriver(SharedWebdriverSingletonImpl.java:68)
	at org.fluentlenium.adapter.sharedwebdriver.SharedWebdriverSingletonImpl.lambda$getOrCreateDriver$0(SharedWebdriverSingletonImpl.java:63)
	at java.base/java.util.Optional.orElseGet(Optional.java:364)
	at org.fluentlenium.adapter.sharedwebdriver.SharedWebdriverSingletonImpl.getOrCreateDriver(SharedWebdriverSingletonImpl.java:63)
	at org.fluentlenium.adapter.sharedwebdriver.SharedWebDriverContainer.getOrCreateDriver(SharedWebDriverContainer.java:42)
	at org.fluentlenium.adapter.sharedwebdriver.SharedWebdriverSingletonImpl.lambda$createDriver$1(SharedWebdriverSingletonImpl.java:224)
	at java.base/java.util.concurrent.FutureTask.run(FutureTask.java:264)
	at java.base/java.util.concurrent.ThreadPoolExecutor.runWorker(ThreadPoolExecutor.java:1136)
	at java.base/java.util.concurrent.ThreadPoolExecutor$Worker.run(ThreadPoolExecutor.java:635)
	at java.base/java.lang.Thread.run(Thread.java:840)

